2024-05-28 00:35:27,437 - INFO - root - Hello! This is Joey-NMT (version 2.2.0).
2024-05-28 00:35:27,615 - INFO - joeynmt.model - Building an encoder-decoder model...
2024-05-28 00:35:27,685 - INFO - joeynmt.model - Enc-dec model built.
2024-05-28 00:35:27,744 - INFO - joeynmt.helpers - Load model from /Users/xiaojingzhang/Desktop/mt-exercise-5/models/iten_transformer_bpe5000/38500.ckpt.
2024-05-28 00:35:27,755 - INFO - joeynmt.tokenizers - it tokenizer: SubwordNMTTokenizer(level=bpe, lowercase=False, normalize=False, filter_by_length=(-1, -1), pretokenizer=none, tokenizer=BPE, separator=@@, dropout=0.0)
2024-05-28 00:35:27,755 - INFO - joeynmt.tokenizers - en tokenizer: SubwordNMTTokenizer(level=bpe, lowercase=False, normalize=False, filter_by_length=(-1, -1), pretokenizer=none, tokenizer=BPE, separator=@@, dropout=0.0)
2024-05-28 00:35:27,758 - WARNING - joeynmt.helpers - `alpha` option is obsolete. Please use `beam_alpha`, instead.
2024-05-28 00:35:27,759 - INFO - joeynmt.prediction - Predicting 1566 example(s)... (Beam search with beam_size=5, beam_alpha=1.0, n_best=1, min_output_length=1, max_output_length=-1, return_prob='none', generate_unk=True, repetition_penalty=-1, no_repeat_ngram_size=-1)
2024-05-28 00:41:27,932 - INFO - joeynmt.prediction - Generation took 360.1602[sec]. (No references given)
2024-05-28 09:47:16,559 - INFO - root - Hello! This is Joey-NMT (version 2.2.0).
2024-05-28 09:47:16,737 - INFO - joeynmt.model - Building an encoder-decoder model...
2024-05-28 09:47:16,822 - INFO - joeynmt.model - Enc-dec model built.
2024-05-28 09:47:16,891 - INFO - joeynmt.helpers - Load model from /Users/xiaojingzhang/Desktop/mt-exercise-5/models/iten_transformer_bpe5000/38500.ckpt.
2024-05-28 09:47:16,902 - INFO - joeynmt.tokenizers - it tokenizer: SubwordNMTTokenizer(level=bpe, lowercase=False, normalize=False, filter_by_length=(-1, -1), pretokenizer=none, tokenizer=BPE, separator=@@, dropout=0.0)
2024-05-28 09:47:16,903 - INFO - joeynmt.tokenizers - en tokenizer: SubwordNMTTokenizer(level=bpe, lowercase=False, normalize=False, filter_by_length=(-1, -1), pretokenizer=none, tokenizer=BPE, separator=@@, dropout=0.0)
2024-05-28 09:47:16,905 - WARNING - joeynmt.helpers - `alpha` option is obsolete. Please use `beam_alpha`, instead.
2024-05-28 09:47:16,905 - INFO - joeynmt.prediction - Predicting 1566 example(s)... (Beam search with beam_size=5, beam_alpha=1.0, n_best=1, min_output_length=1, max_output_length=-1, return_prob='none', generate_unk=True, repetition_penalty=-1, no_repeat_ngram_size=-1)
2024-05-28 09:53:00,290 - INFO - joeynmt.prediction - Generation took 343.3742[sec]. (No references given)
2024-05-28 10:08:42,997 - INFO - root - Hello! This is Joey-NMT (version 2.2.0).
2024-05-28 10:08:43,175 - INFO - joeynmt.model - Building an encoder-decoder model...
2024-05-28 10:08:43,242 - INFO - joeynmt.model - Enc-dec model built.
2024-05-28 10:08:43,319 - INFO - joeynmt.helpers - Load model from /Users/xiaojingzhang/Desktop/mt-exercise-5/models/iten_transformer_bpe5000/38500.ckpt.
2024-05-28 10:08:43,333 - INFO - joeynmt.tokenizers - it tokenizer: SubwordNMTTokenizer(level=bpe, lowercase=False, normalize=False, filter_by_length=(-1, -1), pretokenizer=none, tokenizer=BPE, separator=@@, dropout=0.0)
2024-05-28 10:08:43,333 - INFO - joeynmt.tokenizers - en tokenizer: SubwordNMTTokenizer(level=bpe, lowercase=False, normalize=False, filter_by_length=(-1, -1), pretokenizer=none, tokenizer=BPE, separator=@@, dropout=0.0)
2024-05-28 10:08:43,337 - WARNING - joeynmt.helpers - `alpha` option is obsolete. Please use `beam_alpha`, instead.
2024-05-28 10:08:43,338 - INFO - joeynmt.prediction - Predicting 1566 example(s)... (Beam search with beam_size=5, beam_alpha=1.0, n_best=1, min_output_length=1, max_output_length=-1, return_prob='none', generate_unk=True, repetition_penalty=-1, no_repeat_ngram_size=-1)
2024-05-28 10:14:28,915 - INFO - joeynmt.prediction - Generation took 345.5654[sec]. (No references given)
